<?xml version="1.0" encoding="UTF-8"?>
<!-- Generated by org.testng.reporters.JUnitXMLReporter -->
<testsuite ignored="1" hostname="DESKTOP-FQQ0RHP" failures="0" tests="7" name="Default test" time="23.244" errors="0" timestamp="2025-12-28T18:59:41 EET">
  <testcase classname="auth_DataBaseTestJ.MyData" name="addData" time="0.062"/>
  <testcase classname="auth_DataBaseTestJ.MyData" name="updateData" time="0.011"/>
  <testcase classname="auth_DataBaseTestJ.MyData" name="readData" time="0.083"/>
  <testcase classname="auth_DataBaseTestJ.MyData" name="deleteData" time="0.019"/>
  <testcase classname="auth_DataBaseTestJ.MyTestCases" name="signUp" time="10.298"/>
  <testcase classname="auth_DataBaseTestJ.MyTestCases" name="logout" time="4.105"/>
  <testcase classname="auth_DataBaseTestJ.MyTestCases" name="login" time="2.519"/>
  <testcase classname="auth_DataBaseTestJ.MyTestCases" name="addItemToTheCart" time="0.0">
    <ignored/>
  </testcase> <!-- addItemToTheCart -->
</testsuite> <!-- Default test -->
