<?xml version="1.0" encoding="UTF-8"?>
<!-- Generated by org.testng.reporters.JUnitReportReporter -->
<testsuite hostname="DESKTOP-FQQ0RHP" failures="0" tests="4" name="auth_DataBaseTestJ.MyData" time="0.119" errors="0" timestamp="2025-12-28T18:37:25 EET" skipped="0">
  <testcase classname="auth_DataBaseTestJ.MyData" name="addData" time="0.057"/>
  <testcase classname="auth_DataBaseTestJ.MyData" name="updateData" time="0.008"/>
  <testcase classname="auth_DataBaseTestJ.MyData" name="readData" time="0.047"/>
  <testcase classname="auth_DataBaseTestJ.MyData" name="deleteData" time="0.007"/>
</testsuite> <!-- auth_DataBaseTestJ.MyData -->
