<?xml version="1.0" encoding="UTF-8"?>
<!-- Generated by org.testng.reporters.JUnitReportReporter -->
<testsuite hostname="DESKTOP-FQQ0RHP" failures="0" tests="8" name="auth_DataBaseTestJ.MyTestCases" time="17.097" errors="0" timestamp="2025-12-28T18:59:41 EET" skipped="1">
  <testcase classname="auth_DataBaseTestJ.MyTestCases" name="addData" time="0.062"/>
  <testcase classname="auth_DataBaseTestJ.MyTestCases" name="updateData" time="0.011"/>
  <testcase classname="auth_DataBaseTestJ.MyTestCases" name="readData" time="0.083"/>
  <testcase classname="auth_DataBaseTestJ.MyTestCases" name="deleteData" time="0.019"/>
  <testcase classname="auth_DataBaseTestJ.MyTestCases" name="signUp" time="10.298"/>
  <testcase classname="auth_DataBaseTestJ.MyTestCases" name="logout" time="4.105"/>
  <testcase classname="auth_DataBaseTestJ.MyTestCases" name="login" time="2.519"/>
  <testcase classname="auth_DataBaseTestJ.MyTestCases" name="addItemToTheCart">
    <skipped/>
  </testcase> <!-- addItemToTheCart -->
</testsuite> <!-- auth_DataBaseTestJ.MyTestCases -->
